Arquivo de entrada: inputs/sat_fixed_clauses/entrada8.txt
Número de variáveis: 3840
Número de cláusulas: 10
Tempo de execução: 7.7245e-05 segundos
Atribuição satisfatória encontrada:
x1 = False
x2 = False
x3 = False
x4 = False
x5 = False
x6 = False
x7 = False
x8 = False
x9 = False
x10 = False
x11 = False
x12 = False
x13 = False
x14 = False
x15 = False
x16 = False
x17 = False
x18 = False
x19 = False
x20 = False
x21 = False
x22 = False
x23 = False
x24 = False
x25 = False
x26 = False
x27 = False
x28 = False
x29 = False
x30 = False
x31 = False
x32 = False
x33 = False
x34 = False
x35 = False
x36 = False
x37 = False
x38 = False
x39 = False
x40 = False
x41 = False
x42 = False
x43 = False
x44 = False
x45 = False
x46 = False
x47 = False
x48 = False
x49 = False
x50 = False
x51 = False
x52 = False
x53 = False
x54 = False
x55 = False
x56 = False
x57 = False
x58 = False
x59 = False
x60 = False
x61 = False
x62 = False
x63 = False
x64 = False
x65 = False
x66 = False
x67 = False
x68 = False
x69 = False
x70 = False
x71 = False
x72 = False
x73 = False
x74 = False
x75 = False
x76 = False
x77 = False
x78 = False
x79 = False
x80 = False
x81 = False
x82 = False
x83 = False
x84 = False
x85 = False
x86 = False
x87 = False
x88 = False
x89 = False
x90 = False
x91 = False
x92 = False
x93 = False
x94 = False
x95 = False
x96 = False
x97 = False
x98 = False
x99 = False
x100 = False
x101 = False
x102 = False
x103 = False
x104 = False
x105 = False
x106 = False
x107 = False
x108 = False
x109 = False
x110 = False
x111 = False
x112 = False
x113 = False
x114 = False
x115 = False
x116 = False
x117 = False
x118 = False
x119 = False
x120 = False
x121 = False
x122 = False
x123 = False
x124 = False
x125 = False
x126 = False
x127 = False
x128 = False
x129 = False
x130 = False
x131 = False
x132 = False
x133 = False
x134 = False
x135 = False
x136 = False
x137 = False
x138 = False
x139 = False
x140 = False
x141 = False
x142 = False
x143 = False
x144 = False
x145 = False
x146 = False
x147 = False
x148 = False
x149 = False
x150 = False
x151 = False
x152 = False
x153 = False
x154 = False
x155 = False
x156 = False
x157 = False
x158 = False
x159 = False
x160 = False
x161 = False
x162 = False
x163 = False
x164 = False
x165 = False
x166 = False
x167 = False
x168 = False
x169 = False
x170 = False
x171 = False
x172 = False
x173 = False
x174 = False
x175 = False
x176 = False
x177 = False
x178 = False
x179 = False
x180 = False
x181 = False
x182 = False
x183 = False
x184 = False
x185 = False
x186 = False
x187 = False
x188 = False
x189 = False
x190 = False
x191 = False
x192 = False
x193 = False
x194 = False
x195 = False
x196 = False
x197 = False
x198 = False
x199 = False
x200 = False
x201 = False
x202 = False
x203 = False
x204 = False
x205 = False
x206 = False
x207 = False
x208 = False
x209 = False
x210 = False
x211 = False
x212 = False
x213 = False
x214 = False
x215 = False
x216 = False
x217 = False
x218 = False
x219 = False
x220 = False
x221 = False
x222 = False
x223 = False
x224 = False
x225 = False
x226 = False
x227 = False
x228 = False
x229 = False
x230 = False
x231 = False
x232 = False
x233 = False
x234 = False
x235 = False
x236 = False
x237 = False
x238 = False
x239 = False
x240 = False
x241 = False
x242 = False
x243 = False
x244 = False
x245 = False
x246 = False
x247 = False
x248 = False
x249 = False
x250 = False
x251 = False
x252 = False
x253 = False
x254 = False
x255 = False
x256 = False
x257 = False
x258 = False
x259 = False
x260 = False
x261 = False
x262 = False
x263 = False
x264 = False
x265 = False
x266 = False
x267 = False
x268 = False
x269 = False
x270 = False
x271 = False
x272 = False
x273 = False
x274 = False
x275 = False
x276 = False
x277 = False
x278 = False
x279 = False
x280 = False
x281 = False
x282 = False
x283 = False
x284 = False
x285 = False
x286 = False
x287 = False
x288 = False
x289 = False
x290 = False
x291 = False
x292 = False
x293 = False
x294 = False
x295 = False
x296 = False
x297 = False
x298 = False
x299 = False
x300 = False
x301 = False
x302 = False
x303 = False
x304 = False
x305 = False
x306 = False
x307 = False
x308 = False
x309 = False
x310 = False
x311 = False
x312 = False
x313 = False
x314 = False
x315 = False
x316 = False
x317 = False
x318 = False
x319 = False
x320 = False
x321 = False
x322 = False
x323 = False
x324 = False
x325 = False
x326 = False
x327 = False
x328 = False
x329 = False
x330 = False
x331 = False
x332 = False
x333 = False
x334 = False
x335 = False
x336 = False
x337 = False
x338 = False
x339 = False
x340 = False
x341 = False
x342 = False
x343 = False
x344 = False
x345 = False
x346 = False
x347 = False
x348 = False
x349 = False
x350 = False
x351 = False
x352 = False
x353 = False
x354 = False
x355 = False
x356 = False
x357 = False
x358 = False
x359 = False
x360 = False
x361 = False
x362 = False
x363 = False
x364 = False
x365 = False
x366 = False
x367 = False
x368 = False
x369 = False
x370 = False
x371 = False
x372 = False
x373 = False
x374 = False
x375 = False
x376 = False
x377 = False
x378 = False
x379 = False
x380 = False
x381 = False
x382 = False
x383 = False
x384 = False
x385 = False
x386 = False
x387 = False
x388 = False
x389 = False
x390 = False
x391 = False
x392 = False
x393 = False
x394 = False
x395 = False
x396 = False
x397 = False
x398 = False
x399 = False
x400 = False
x401 = False
x402 = False
x403 = False
x404 = False
x405 = False
x406 = False
x407 = False
x408 = False
x409 = False
x410 = False
x411 = False
x412 = False
x413 = False
x414 = False
x415 = False
x416 = False
x417 = False
x418 = False
x419 = False
x420 = False
x421 = False
x422 = False
x423 = False
x424 = False
x425 = False
x426 = False
x427 = False
x428 = False
x429 = False
x430 = False
x431 = False
x432 = False
x433 = False
x434 = False
x435 = False
x436 = False
x437 = False
x438 = False
x439 = False
x440 = False
x441 = False
x442 = False
x443 = False
x444 = False
x445 = False
x446 = False
x447 = False
x448 = False
x449 = False
x450 = False
x451 = False
x452 = False
x453 = False
x454 = False
x455 = False
x456 = False
x457 = False
x458 = False
x459 = False
x460 = False
x461 = False
x462 = False
x463 = False
x464 = False
x465 = False
x466 = False
x467 = False
x468 = False
x469 = False
x470 = False
x471 = False
x472 = False
x473 = False
x474 = False
x475 = False
x476 = False
x477 = False
x478 = False
x479 = False
x480 = False
x481 = False
x482 = False
x483 = False
x484 = False
x485 = False
x486 = False
x487 = False
x488 = False
x489 = False
x490 = False
x491 = False
x492 = False
x493 = False
x494 = False
x495 = False
x496 = False
x497 = False
x498 = False
x499 = False
x500 = False
x501 = False
x502 = False
x503 = False
x504 = False
x505 = False
x506 = False
x507 = False
x508 = False
x509 = False
x510 = False
x511 = False
x512 = False
x513 = False
x514 = False
x515 = False
x516 = False
x517 = False
x518 = False
x519 = False
x520 = False
x521 = False
x522 = False
x523 = False
x524 = False
x525 = False
x526 = False
x527 = False
x528 = False
x529 = False
x530 = False
x531 = False
x532 = False
x533 = False
x534 = False
x535 = False
x536 = False
x537 = False
x538 = False
x539 = False
x540 = False
x541 = False
x542 = False
x543 = False
x544 = False
x545 = False
x546 = False
x547 = False
x548 = False
x549 = False
x550 = False
x551 = False
x552 = False
x553 = False
x554 = False
x555 = False
x556 = False
x557 = False
x558 = False
x559 = False
x560 = False
x561 = False
x562 = False
x563 = False
x564 = False
x565 = False
x566 = False
x567 = False
x568 = False
x569 = False
x570 = False
x571 = False
x572 = False
x573 = False
x574 = False
x575 = False
x576 = False
x577 = False
x578 = False
x579 = False
x580 = False
x581 = False
x582 = False
x583 = False
x584 = False
x585 = False
x586 = False
x587 = False
x588 = False
x589 = False
x590 = False
x591 = False
x592 = False
x593 = False
x594 = False
x595 = False
x596 = False
x597 = False
x598 = False
x599 = False
x600 = False
x601 = False
x602 = False
x603 = False
x604 = False
x605 = False
x606 = False
x607 = False
x608 = False
x609 = False
x610 = False
x611 = False
x612 = False
x613 = False
x614 = False
x615 = False
x616 = False
x617 = False
x618 = False
x619 = False
x620 = False
x621 = False
x622 = False
x623 = False
x624 = False
x625 = False
x626 = False
x627 = False
x628 = False
x629 = False
x630 = False
x631 = False
x632 = False
x633 = False
x634 = False
x635 = False
x636 = False
x637 = False
x638 = False
x639 = False
x640 = False
x641 = False
x642 = False
x643 = False
x644 = False
x645 = False
x646 = False
x647 = False
x648 = False
x649 = False
x650 = False
x651 = False
x652 = False
x653 = False
x654 = False
x655 = False
x656 = False
x657 = False
x658 = False
x659 = False
x660 = False
x661 = False
x662 = False
x663 = False
x664 = False
x665 = False
x666 = False
x667 = False
x668 = False
x669 = False
x670 = False
x671 = False
x672 = False
x673 = False
x674 = False
x675 = False
x676 = False
x677 = False
x678 = False
x679 = False
x680 = False
x681 = False
x682 = False
x683 = False
x684 = False
x685 = False
x686 = False
x687 = False
x688 = False
x689 = False
x690 = False
x691 = False
x692 = False
x693 = False
x694 = False
x695 = False
x696 = False
x697 = False
x698 = False
x699 = False
x700 = False
x701 = False
x702 = False
x703 = False
x704 = False
x705 = False
x706 = False
x707 = False
x708 = False
x709 = False
x710 = False
x711 = False
x712 = False
x713 = False
x714 = False
x715 = False
x716 = False
x717 = False
x718 = False
x719 = False
x720 = False
x721 = False
x722 = False
x723 = False
x724 = False
x725 = False
x726 = False
x727 = False
x728 = False
x729 = False
x730 = False
x731 = False
x732 = False
x733 = False
x734 = False
x735 = False
x736 = False
x737 = False
x738 = False
x739 = False
x740 = False
x741 = False
x742 = False
x743 = False
x744 = False
x745 = False
x746 = False
x747 = False
x748 = False
x749 = False
x750 = False
x751 = False
x752 = False
x753 = False
x754 = False
x755 = False
x756 = False
x757 = False
x758 = False
x759 = False
x760 = False
x761 = False
x762 = False
x763 = False
x764 = False
x765 = False
x766 = False
x767 = False
x768 = False
x769 = False
x770 = False
x771 = False
x772 = False
x773 = False
x774 = False
x775 = False
x776 = False
x777 = False
x778 = False
x779 = False
x780 = False
x781 = False
x782 = False
x783 = False
x784 = False
x785 = False
x786 = False
x787 = False
x788 = False
x789 = False
x790 = False
x791 = False
x792 = False
x793 = False
x794 = False
x795 = False
x796 = False
x797 = False
x798 = False
x799 = False
x800 = False
x801 = False
x802 = False
x803 = False
x804 = False
x805 = False
x806 = False
x807 = False
x808 = False
x809 = False
x810 = False
x811 = False
x812 = False
x813 = False
x814 = False
x815 = False
x816 = False
x817 = False
x818 = False
x819 = False
x820 = False
x821 = False
x822 = False
x823 = False
x824 = False
x825 = False
x826 = False
x827 = False
x828 = False
x829 = False
x830 = False
x831 = False
x832 = False
x833 = False
x834 = False
x835 = False
x836 = False
x837 = False
x838 = False
x839 = False
x840 = False
x841 = False
x842 = False
x843 = False
x844 = False
x845 = False
x846 = False
x847 = False
x848 = False
x849 = False
x850 = False
x851 = False
x852 = False
x853 = False
x854 = False
x855 = False
x856 = False
x857 = False
x858 = False
x859 = False
x860 = False
x861 = False
x862 = False
x863 = False
x864 = False
x865 = False
x866 = False
x867 = False
x868 = False
x869 = False
x870 = False
x871 = False
x872 = False
x873 = False
x874 = False
x875 = False
x876 = False
x877 = False
x878 = False
x879 = False
x880 = False
x881 = False
x882 = False
x883 = False
x884 = False
x885 = False
x886 = False
x887 = False
x888 = False
x889 = False
x890 = False
x891 = False
x892 = False
x893 = False
x894 = False
x895 = False
x896 = False
x897 = False
x898 = False
x899 = False
x900 = False
x901 = False
x902 = False
x903 = False
x904 = False
x905 = False
x906 = False
x907 = False
x908 = False
x909 = False
x910 = False
x911 = False
x912 = False
x913 = False
x914 = False
x915 = False
x916 = False
x917 = False
x918 = False
x919 = False
x920 = False
x921 = False
x922 = False
x923 = False
x924 = False
x925 = False
x926 = False
x927 = False
x928 = False
x929 = False
x930 = False
x931 = False
x932 = False
x933 = False
x934 = False
x935 = False
x936 = False
x937 = False
x938 = False
x939 = False
x940 = False
x941 = False
x942 = False
x943 = False
x944 = False
x945 = False
x946 = False
x947 = False
x948 = False
x949 = False
x950 = False
x951 = False
x952 = False
x953 = False
x954 = False
x955 = False
x956 = False
x957 = False
x958 = False
x959 = False
x960 = False
x961 = False
x962 = False
x963 = False
x964 = False
x965 = False
x966 = False
x967 = False
x968 = False
x969 = False
x970 = False
x971 = False
x972 = False
x973 = False
x974 = False
x975 = False
x976 = False
x977 = False
x978 = False
x979 = False
x980 = False
x981 = False
x982 = False
x983 = False
x984 = False
x985 = False
x986 = False
x987 = False
x988 = False
x989 = False
x990 = False
x991 = False
x992 = False
x993 = False
x994 = False
x995 = False
x996 = False
x997 = False
x998 = False
x999 = False
x1000 = False
x1001 = False
x1002 = False
x1003 = False
x1004 = False
x1005 = False
x1006 = False
x1007 = False
x1008 = False
x1009 = False
x1010 = False
x1011 = False
x1012 = False
x1013 = False
x1014 = False
x1015 = False
x1016 = False
x1017 = False
x1018 = False
x1019 = False
x1020 = False
x1021 = False
x1022 = False
x1023 = False
x1024 = False
x1025 = False
x1026 = False
x1027 = False
x1028 = False
x1029 = False
x1030 = False
x1031 = False
x1032 = False
x1033 = False
x1034 = False
x1035 = False
x1036 = False
x1037 = False
x1038 = False
x1039 = False
x1040 = False
x1041 = False
x1042 = False
x1043 = False
x1044 = False
x1045 = False
x1046 = False
x1047 = False
x1048 = False
x1049 = False
x1050 = False
x1051 = False
x1052 = False
x1053 = False
x1054 = False
x1055 = False
x1056 = False
x1057 = False
x1058 = False
x1059 = False
x1060 = False
x1061 = False
x1062 = False
x1063 = False
x1064 = False
x1065 = False
x1066 = False
x1067 = False
x1068 = False
x1069 = False
x1070 = False
x1071 = False
x1072 = False
x1073 = False
x1074 = False
x1075 = False
x1076 = False
x1077 = False
x1078 = False
x1079 = False
x1080 = False
x1081 = False
x1082 = False
x1083 = False
x1084 = False
x1085 = False
x1086 = False
x1087 = False
x1088 = False
x1089 = False
x1090 = False
x1091 = False
x1092 = False
x1093 = False
x1094 = False
x1095 = False
x1096 = False
x1097 = False
x1098 = False
x1099 = False
x1100 = False
x1101 = False
x1102 = False
x1103 = False
x1104 = False
x1105 = False
x1106 = False
x1107 = False
x1108 = False
x1109 = False
x1110 = False
x1111 = False
x1112 = False
x1113 = False
x1114 = False
x1115 = False
x1116 = False
x1117 = False
x1118 = False
x1119 = False
x1120 = False
x1121 = False
x1122 = False
x1123 = False
x1124 = False
x1125 = False
x1126 = False
x1127 = False
x1128 = False
x1129 = False
x1130 = False
x1131 = False
x1132 = False
x1133 = False
x1134 = False
x1135 = False
x1136 = False
x1137 = False
x1138 = False
x1139 = False
x1140 = False
x1141 = False
x1142 = False
x1143 = False
x1144 = False
x1145 = False
x1146 = False
x1147 = False
x1148 = False
x1149 = False
x1150 = False
x1151 = False
x1152 = False
x1153 = False
x1154 = False
x1155 = False
x1156 = False
x1157 = False
x1158 = False
x1159 = False
x1160 = False
x1161 = False
x1162 = False
x1163 = False
x1164 = False
x1165 = False
x1166 = False
x1167 = False
x1168 = False
x1169 = False
x1170 = False
x1171 = False
x1172 = False
x1173 = False
x1174 = False
x1175 = False
x1176 = False
x1177 = False
x1178 = False
x1179 = False
x1180 = False
x1181 = False
x1182 = False
x1183 = False
x1184 = False
x1185 = False
x1186 = False
x1187 = False
x1188 = False
x1189 = False
x1190 = False
x1191 = False
x1192 = False
x1193 = False
x1194 = False
x1195 = False
x1196 = False
x1197 = False
x1198 = False
x1199 = False
x1200 = False
x1201 = False
x1202 = False
x1203 = False
x1204 = False
x1205 = False
x1206 = False
x1207 = False
x1208 = False
x1209 = False
x1210 = False
x1211 = False
x1212 = False
x1213 = False
x1214 = False
x1215 = False
x1216 = False
x1217 = False
x1218 = False
x1219 = False
x1220 = False
x1221 = False
x1222 = False
x1223 = False
x1224 = False
x1225 = False
x1226 = False
x1227 = False
x1228 = False
x1229 = False
x1230 = False
x1231 = False
x1232 = False
x1233 = False
x1234 = False
x1235 = False
x1236 = False
x1237 = False
x1238 = False
x1239 = False
x1240 = False
x1241 = False
x1242 = False
x1243 = False
x1244 = False
x1245 = False
x1246 = False
x1247 = False
x1248 = False
x1249 = False
x1250 = False
x1251 = False
x1252 = False
x1253 = False
x1254 = False
x1255 = False
x1256 = False
x1257 = False
x1258 = False
x1259 = False
x1260 = False
x1261 = False
x1262 = False
x1263 = False
x1264 = False
x1265 = False
x1266 = False
x1267 = False
x1268 = False
x1269 = False
x1270 = False
x1271 = False
x1272 = False
x1273 = False
x1274 = False
x1275 = False
x1276 = False
x1277 = False
x1278 = False
x1279 = False
x1280 = False
x1281 = False
x1282 = False
x1283 = False
x1284 = False
x1285 = False
x1286 = False
x1287 = False
x1288 = False
x1289 = False
x1290 = False
x1291 = False
x1292 = False
x1293 = False
x1294 = False
x1295 = False
x1296 = False
x1297 = False
x1298 = False
x1299 = False
x1300 = False
x1301 = False
x1302 = False
x1303 = False
x1304 = False
x1305 = False
x1306 = False
x1307 = False
x1308 = False
x1309 = False
x1310 = False
x1311 = False
x1312 = False
x1313 = False
x1314 = False
x1315 = False
x1316 = False
x1317 = False
x1318 = False
x1319 = False
x1320 = False
x1321 = False
x1322 = False
x1323 = False
x1324 = False
x1325 = False
x1326 = False
x1327 = False
x1328 = False
x1329 = False
x1330 = False
x1331 = False
x1332 = False
x1333 = False
x1334 = False
x1335 = False
x1336 = False
x1337 = False
x1338 = False
x1339 = False
x1340 = False
x1341 = False
x1342 = False
x1343 = False
x1344 = False
x1345 = False
x1346 = False
x1347 = False
x1348 = False
x1349 = False
x1350 = False
x1351 = False
x1352 = False
x1353 = False
x1354 = False
x1355 = False
x1356 = False
x1357 = False
x1358 = False
x1359 = False
x1360 = False
x1361 = False
x1362 = False
x1363 = False
x1364 = False
x1365 = False
x1366 = False
x1367 = False
x1368 = False
x1369 = False
x1370 = False
x1371 = False
x1372 = False
x1373 = False
x1374 = False
x1375 = False
x1376 = False
x1377 = False
x1378 = False
x1379 = False
x1380 = False
x1381 = False
x1382 = False
x1383 = False
x1384 = False
x1385 = False
x1386 = False
x1387 = False
x1388 = False
x1389 = False
x1390 = False
x1391 = False
x1392 = False
x1393 = False
x1394 = False
x1395 = False
x1396 = False
x1397 = False
x1398 = False
x1399 = False
x1400 = False
x1401 = False
x1402 = False
x1403 = False
x1404 = False
x1405 = False
x1406 = False
x1407 = False
x1408 = False
x1409 = False
x1410 = False
x1411 = False
x1412 = False
x1413 = False
x1414 = False
x1415 = False
x1416 = False
x1417 = False
x1418 = False
x1419 = False
x1420 = False
x1421 = False
x1422 = False
x1423 = False
x1424 = False
x1425 = False
x1426 = False
x1427 = False
x1428 = False
x1429 = False
x1430 = False
x1431 = False
x1432 = False
x1433 = False
x1434 = False
x1435 = False
x1436 = False
x1437 = False
x1438 = False
x1439 = False
x1440 = False
x1441 = False
x1442 = False
x1443 = False
x1444 = False
x1445 = False
x1446 = False
x1447 = False
x1448 = False
x1449 = False
x1450 = False
x1451 = False
x1452 = False
x1453 = False
x1454 = False
x1455 = False
x1456 = False
x1457 = False
x1458 = False
x1459 = False
x1460 = False
x1461 = False
x1462 = False
x1463 = False
x1464 = False
x1465 = False
x1466 = False
x1467 = False
x1468 = False
x1469 = False
x1470 = False
x1471 = False
x1472 = False
x1473 = False
x1474 = False
x1475 = False
x1476 = False
x1477 = False
x1478 = False
x1479 = False
x1480 = False
x1481 = False
x1482 = False
x1483 = False
x1484 = False
x1485 = False
x1486 = False
x1487 = False
x1488 = False
x1489 = False
x1490 = False
x1491 = False
x1492 = False
x1493 = False
x1494 = False
x1495 = False
x1496 = False
x1497 = False
x1498 = False
x1499 = False
x1500 = False
x1501 = False
x1502 = False
x1503 = False
x1504 = False
x1505 = False
x1506 = False
x1507 = False
x1508 = False
x1509 = False
x1510 = False
x1511 = False
x1512 = False
x1513 = False
x1514 = False
x1515 = False
x1516 = False
x1517 = False
x1518 = False
x1519 = False
x1520 = False
x1521 = False
x1522 = False
x1523 = False
x1524 = False
x1525 = False
x1526 = False
x1527 = False
x1528 = False
x1529 = False
x1530 = False
x1531 = False
x1532 = False
x1533 = False
x1534 = False
x1535 = False
x1536 = False
x1537 = False
x1538 = False
x1539 = False
x1540 = False
x1541 = False
x1542 = False
x1543 = False
x1544 = False
x1545 = False
x1546 = False
x1547 = False
x1548 = False
x1549 = False
x1550 = False
x1551 = False
x1552 = False
x1553 = False
x1554 = False
x1555 = False
x1556 = False
x1557 = False
x1558 = False
x1559 = False
x1560 = False
x1561 = False
x1562 = False
x1563 = False
x1564 = False
x1565 = False
x1566 = False
x1567 = False
x1568 = False
x1569 = False
x1570 = False
x1571 = False
x1572 = False
x1573 = False
x1574 = False
x1575 = False
x1576 = False
x1577 = False
x1578 = False
x1579 = False
x1580 = False
x1581 = False
x1582 = False
x1583 = False
x1584 = False
x1585 = False
x1586 = False
x1587 = False
x1588 = False
x1589 = False
x1590 = False
x1591 = False
x1592 = False
x1593 = False
x1594 = False
x1595 = False
x1596 = False
x1597 = False
x1598 = False
x1599 = False
x1600 = False
x1601 = False
x1602 = False
x1603 = False
x1604 = False
x1605 = False
x1606 = False
x1607 = False
x1608 = False
x1609 = False
x1610 = False
x1611 = False
x1612 = False
x1613 = False
x1614 = False
x1615 = False
x1616 = False
x1617 = False
x1618 = False
x1619 = False
x1620 = False
x1621 = False
x1622 = False
x1623 = False
x1624 = False
x1625 = False
x1626 = False
x1627 = False
x1628 = False
x1629 = False
x1630 = False
x1631 = False
x1632 = False
x1633 = False
x1634 = False
x1635 = False
x1636 = False
x1637 = False
x1638 = False
x1639 = False
x1640 = False
x1641 = False
x1642 = False
x1643 = False
x1644 = False
x1645 = False
x1646 = False
x1647 = False
x1648 = False
x1649 = False
x1650 = False
x1651 = False
x1652 = False
x1653 = False
x1654 = False
x1655 = False
x1656 = False
x1657 = False
x1658 = False
x1659 = False
x1660 = False
x1661 = False
x1662 = False
x1663 = False
x1664 = False
x1665 = False
x1666 = False
x1667 = False
x1668 = False
x1669 = False
x1670 = False
x1671 = False
x1672 = False
x1673 = False
x1674 = False
x1675 = False
x1676 = False
x1677 = False
x1678 = False
x1679 = False
x1680 = False
x1681 = False
x1682 = False
x1683 = False
x1684 = False
x1685 = False
x1686 = False
x1687 = False
x1688 = False
x1689 = False
x1690 = False
x1691 = False
x1692 = False
x1693 = False
x1694 = False
x1695 = False
x1696 = False
x1697 = False
x1698 = False
x1699 = False
x1700 = False
x1701 = False
x1702 = False
x1703 = False
x1704 = False
x1705 = False
x1706 = False
x1707 = False
x1708 = False
x1709 = False
x1710 = False
x1711 = False
x1712 = False
x1713 = False
x1714 = False
x1715 = False
x1716 = False
x1717 = False
x1718 = False
x1719 = False
x1720 = False
x1721 = False
x1722 = False
x1723 = False
x1724 = False
x1725 = False
x1726 = False
x1727 = False
x1728 = False
x1729 = False
x1730 = False
x1731 = False
x1732 = False
x1733 = False
x1734 = False
x1735 = False
x1736 = False
x1737 = False
x1738 = False
x1739 = False
x1740 = False
x1741 = False
x1742 = False
x1743 = False
x1744 = False
x1745 = False
x1746 = False
x1747 = False
x1748 = False
x1749 = False
x1750 = False
x1751 = False
x1752 = False
x1753 = False
x1754 = False
x1755 = False
x1756 = False
x1757 = False
x1758 = False
x1759 = False
x1760 = False
x1761 = False
x1762 = False
x1763 = False
x1764 = False
x1765 = False
x1766 = False
x1767 = False
x1768 = False
x1769 = False
x1770 = False
x1771 = False
x1772 = False
x1773 = False
x1774 = False
x1775 = False
x1776 = False
x1777 = False
x1778 = False
x1779 = False
x1780 = False
x1781 = False
x1782 = False
x1783 = False
x1784 = False
x1785 = False
x1786 = False
x1787 = False
x1788 = False
x1789 = False
x1790 = False
x1791 = False
x1792 = False
x1793 = False
x1794 = False
x1795 = False
x1796 = False
x1797 = False
x1798 = False
x1799 = False
x1800 = False
x1801 = False
x1802 = False
x1803 = False
x1804 = False
x1805 = False
x1806 = False
x1807 = False
x1808 = False
x1809 = False
x1810 = False
x1811 = False
x1812 = False
x1813 = False
x1814 = False
x1815 = False
x1816 = False
x1817 = False
x1818 = False
x1819 = False
x1820 = False
x1821 = False
x1822 = False
x1823 = False
x1824 = False
x1825 = False
x1826 = False
x1827 = False
x1828 = False
x1829 = False
x1830 = False
x1831 = False
x1832 = False
x1833 = False
x1834 = False
x1835 = False
x1836 = False
x1837 = False
x1838 = False
x1839 = False
x1840 = False
x1841 = False
x1842 = False
x1843 = False
x1844 = False
x1845 = False
x1846 = False
x1847 = False
x1848 = False
x1849 = False
x1850 = False
x1851 = False
x1852 = False
x1853 = False
x1854 = False
x1855 = False
x1856 = False
x1857 = False
x1858 = False
x1859 = False
x1860 = False
x1861 = False
x1862 = False
x1863 = False
x1864 = False
x1865 = False
x1866 = False
x1867 = False
x1868 = False
x1869 = False
x1870 = False
x1871 = False
x1872 = False
x1873 = False
x1874 = False
x1875 = False
x1876 = False
x1877 = False
x1878 = False
x1879 = False
x1880 = False
x1881 = False
x1882 = False
x1883 = False
x1884 = False
x1885 = False
x1886 = False
x1887 = False
x1888 = False
x1889 = False
x1890 = False
x1891 = False
x1892 = False
x1893 = False
x1894 = False
x1895 = False
x1896 = False
x1897 = False
x1898 = False
x1899 = False
x1900 = False
x1901 = False
x1902 = False
x1903 = False
x1904 = False
x1905 = False
x1906 = False
x1907 = False
x1908 = False
x1909 = False
x1910 = False
x1911 = False
x1912 = False
x1913 = False
x1914 = False
x1915 = False
x1916 = False
x1917 = False
x1918 = False
x1919 = False
x1920 = False
x1921 = False
x1922 = False
x1923 = False
x1924 = False
x1925 = False
x1926 = False
x1927 = False
x1928 = False
x1929 = False
x1930 = False
x1931 = False
x1932 = False
x1933 = False
x1934 = False
x1935 = False
x1936 = False
x1937 = False
x1938 = False
x1939 = False
x1940 = False
x1941 = False
x1942 = False
x1943 = False
x1944 = False
x1945 = False
x1946 = False
x1947 = False
x1948 = False
x1949 = False
x1950 = False
x1951 = False
x1952 = False
x1953 = False
x1954 = False
x1955 = False
x1956 = False
x1957 = False
x1958 = False
x1959 = False
x1960 = False
x1961 = False
x1962 = False
x1963 = False
x1964 = False
x1965 = False
x1966 = False
x1967 = False
x1968 = False
x1969 = False
x1970 = False
x1971 = False
x1972 = False
x1973 = False
x1974 = False
x1975 = False
x1976 = False
x1977 = False
x1978 = False
x1979 = False
x1980 = False
x1981 = False
x1982 = False
x1983 = False
x1984 = False
x1985 = False
x1986 = False
x1987 = False
x1988 = False
x1989 = False
x1990 = False
x1991 = False
x1992 = False
x1993 = False
x1994 = False
x1995 = False
x1996 = False
x1997 = False
x1998 = False
x1999 = False
x2000 = False
x2001 = False
x2002 = False
x2003 = False
x2004 = False
x2005 = False
x2006 = False
x2007 = False
x2008 = False
x2009 = False
x2010 = False
x2011 = False
x2012 = False
x2013 = False
x2014 = False
x2015 = False
x2016 = False
x2017 = False
x2018 = False
x2019 = False
x2020 = False
x2021 = False
x2022 = False
x2023 = False
x2024 = False
x2025 = False
x2026 = False
x2027 = False
x2028 = False
x2029 = False
x2030 = False
x2031 = False
x2032 = False
x2033 = False
x2034 = False
x2035 = False
x2036 = False
x2037 = False
x2038 = False
x2039 = False
x2040 = False
x2041 = False
x2042 = False
x2043 = False
x2044 = False
x2045 = False
x2046 = False
x2047 = False
x2048 = False
x2049 = False
x2050 = False
x2051 = False
x2052 = False
x2053 = False
x2054 = False
x2055 = False
x2056 = False
x2057 = False
x2058 = False
x2059 = False
x2060 = False
x2061 = False
x2062 = False
x2063 = False
x2064 = False
x2065 = False
x2066 = False
x2067 = False
x2068 = False
x2069 = False
x2070 = False
x2071 = False
x2072 = False
x2073 = False
x2074 = False
x2075 = False
x2076 = False
x2077 = False
x2078 = False
x2079 = False
x2080 = False
x2081 = False
x2082 = False
x2083 = False
x2084 = False
x2085 = False
x2086 = False
x2087 = False
x2088 = False
x2089 = False
x2090 = False
x2091 = False
x2092 = False
x2093 = False
x2094 = False
x2095 = False
x2096 = False
x2097 = False
x2098 = False
x2099 = False
x2100 = False
x2101 = False
x2102 = False
x2103 = False
x2104 = False
x2105 = False
x2106 = False
x2107 = False
x2108 = False
x2109 = False
x2110 = False
x2111 = False
x2112 = False
x2113 = False
x2114 = False
x2115 = False
x2116 = False
x2117 = False
x2118 = False
x2119 = False
x2120 = False
x2121 = False
x2122 = False
x2123 = False
x2124 = False
x2125 = False
x2126 = False
x2127 = False
x2128 = False
x2129 = False
x2130 = False
x2131 = False
x2132 = False
x2133 = False
x2134 = False
x2135 = False
x2136 = False
x2137 = False
x2138 = False
x2139 = False
x2140 = False
x2141 = False
x2142 = False
x2143 = False
x2144 = False
x2145 = False
x2146 = False
x2147 = False
x2148 = False
x2149 = False
x2150 = False
x2151 = False
x2152 = False
x2153 = False
x2154 = False
x2155 = False
x2156 = False
x2157 = False
x2158 = False
x2159 = False
x2160 = False
x2161 = False
x2162 = False
x2163 = False
x2164 = False
x2165 = False
x2166 = False
x2167 = False
x2168 = False
x2169 = False
x2170 = False
x2171 = False
x2172 = False
x2173 = False
x2174 = False
x2175 = False
x2176 = False
x2177 = False
x2178 = False
x2179 = False
x2180 = False
x2181 = False
x2182 = False
x2183 = False
x2184 = False
x2185 = False
x2186 = False
x2187 = False
x2188 = False
x2189 = False
x2190 = False
x2191 = False
x2192 = False
x2193 = False
x2194 = False
x2195 = False
x2196 = False
x2197 = False
x2198 = False
x2199 = False
x2200 = False
x2201 = False
x2202 = False
x2203 = False
x2204 = False
x2205 = False
x2206 = False
x2207 = False
x2208 = False
x2209 = False
x2210 = False
x2211 = False
x2212 = False
x2213 = False
x2214 = False
x2215 = False
x2216 = False
x2217 = False
x2218 = False
x2219 = False
x2220 = False
x2221 = False
x2222 = False
x2223 = False
x2224 = False
x2225 = False
x2226 = False
x2227 = False
x2228 = False
x2229 = False
x2230 = False
x2231 = False
x2232 = False
x2233 = False
x2234 = False
x2235 = False
x2236 = False
x2237 = False
x2238 = False
x2239 = False
x2240 = False
x2241 = False
x2242 = False
x2243 = False
x2244 = False
x2245 = False
x2246 = False
x2247 = False
x2248 = False
x2249 = False
x2250 = False
x2251 = False
x2252 = False
x2253 = False
x2254 = False
x2255 = False
x2256 = False
x2257 = False
x2258 = False
x2259 = False
x2260 = False
x2261 = False
x2262 = False
x2263 = False
x2264 = False
x2265 = False
x2266 = False
x2267 = False
x2268 = False
x2269 = False
x2270 = False
x2271 = False
x2272 = False
x2273 = False
x2274 = False
x2275 = False
x2276 = False
x2277 = False
x2278 = False
x2279 = False
x2280 = False
x2281 = False
x2282 = False
x2283 = False
x2284 = False
x2285 = False
x2286 = False
x2287 = False
x2288 = False
x2289 = False
x2290 = False
x2291 = False
x2292 = False
x2293 = False
x2294 = False
x2295 = False
x2296 = False
x2297 = False
x2298 = False
x2299 = False
x2300 = False
x2301 = False
x2302 = False
x2303 = False
x2304 = False
x2305 = False
x2306 = False
x2307 = False
x2308 = False
x2309 = False
x2310 = False
x2311 = False
x2312 = False
x2313 = False
x2314 = False
x2315 = False
x2316 = False
x2317 = False
x2318 = False
x2319 = False
x2320 = False
x2321 = False
x2322 = False
x2323 = False
x2324 = False
x2325 = False
x2326 = False
x2327 = False
x2328 = False
x2329 = False
x2330 = False
x2331 = False
x2332 = False
x2333 = False
x2334 = False
x2335 = False
x2336 = False
x2337 = False
x2338 = False
x2339 = False
x2340 = False
x2341 = False
x2342 = False
x2343 = False
x2344 = False
x2345 = False
x2346 = False
x2347 = False
x2348 = False
x2349 = False
x2350 = False
x2351 = False
x2352 = False
x2353 = False
x2354 = False
x2355 = False
x2356 = False
x2357 = False
x2358 = False
x2359 = False
x2360 = False
x2361 = False
x2362 = False
x2363 = False
x2364 = False
x2365 = False
x2366 = False
x2367 = False
x2368 = False
x2369 = False
x2370 = False
x2371 = False
x2372 = False
x2373 = False
x2374 = False
x2375 = False
x2376 = False
x2377 = False
x2378 = False
x2379 = False
x2380 = False
x2381 = False
x2382 = False
x2383 = False
x2384 = False
x2385 = False
x2386 = False
x2387 = False
x2388 = False
x2389 = False
x2390 = False
x2391 = False
x2392 = False
x2393 = False
x2394 = False
x2395 = False
x2396 = False
x2397 = False
x2398 = False
x2399 = False
x2400 = False
x2401 = False
x2402 = False
x2403 = False
x2404 = False
x2405 = False
x2406 = False
x2407 = False
x2408 = False
x2409 = False
x2410 = False
x2411 = False
x2412 = False
x2413 = False
x2414 = False
x2415 = False
x2416 = False
x2417 = False
x2418 = False
x2419 = False
x2420 = False
x2421 = False
x2422 = False
x2423 = False
x2424 = False
x2425 = False
x2426 = False
x2427 = False
x2428 = False
x2429 = False
x2430 = False
x2431 = False
x2432 = False
x2433 = False
x2434 = False
x2435 = False
x2436 = False
x2437 = False
x2438 = False
x2439 = False
x2440 = False
x2441 = False
x2442 = False
x2443 = False
x2444 = False
x2445 = False
x2446 = False
x2447 = False
x2448 = False
x2449 = False
x2450 = False
x2451 = False
x2452 = False
x2453 = False
x2454 = False
x2455 = False
x2456 = False
x2457 = False
x2458 = False
x2459 = False
x2460 = False
x2461 = False
x2462 = False
x2463 = False
x2464 = False
x2465 = False
x2466 = False
x2467 = False
x2468 = False
x2469 = False
x2470 = False
x2471 = False
x2472 = False
x2473 = False
x2474 = False
x2475 = False
x2476 = False
x2477 = False
x2478 = False
x2479 = False
x2480 = False
x2481 = False
x2482 = False
x2483 = False
x2484 = False
x2485 = False
x2486 = False
x2487 = False
x2488 = False
x2489 = False
x2490 = False
x2491 = False
x2492 = False
x2493 = False
x2494 = False
x2495 = False
x2496 = False
x2497 = False
x2498 = False
x2499 = False
x2500 = False
x2501 = False
x2502 = False
x2503 = False
x2504 = False
x2505 = False
x2506 = False
x2507 = False
x2508 = False
x2509 = False
x2510 = False
x2511 = False
x2512 = False
x2513 = False
x2514 = False
x2515 = False
x2516 = False
x2517 = False
x2518 = False
x2519 = False
x2520 = False
x2521 = False
x2522 = False
x2523 = False
x2524 = False
x2525 = False
x2526 = False
x2527 = False
x2528 = False
x2529 = False
x2530 = False
x2531 = False
x2532 = False
x2533 = False
x2534 = False
x2535 = False
x2536 = False
x2537 = False
x2538 = False
x2539 = False
x2540 = False
x2541 = False
x2542 = False
x2543 = False
x2544 = False
x2545 = False
x2546 = False
x2547 = False
x2548 = False
x2549 = False
x2550 = False
x2551 = False
x2552 = False
x2553 = False
x2554 = False
x2555 = False
x2556 = False
x2557 = False
x2558 = False
x2559 = False
x2560 = False
x2561 = False
x2562 = False
x2563 = False
x2564 = False
x2565 = False
x2566 = False
x2567 = False
x2568 = False
x2569 = False
x2570 = False
x2571 = False
x2572 = False
x2573 = False
x2574 = False
x2575 = False
x2576 = False
x2577 = False
x2578 = False
x2579 = False
x2580 = False
x2581 = False
x2582 = False
x2583 = False
x2584 = False
x2585 = False
x2586 = False
x2587 = False
x2588 = False
x2589 = False
x2590 = False
x2591 = False
x2592 = False
x2593 = False
x2594 = False
x2595 = False
x2596 = False
x2597 = False
x2598 = False
x2599 = False
x2600 = False
x2601 = False
x2602 = False
x2603 = False
x2604 = False
x2605 = False
x2606 = False
x2607 = False
x2608 = False
x2609 = False
x2610 = False
x2611 = False
x2612 = False
x2613 = False
x2614 = False
x2615 = False
x2616 = False
x2617 = False
x2618 = False
x2619 = False
x2620 = False
x2621 = False
x2622 = False
x2623 = False
x2624 = False
x2625 = False
x2626 = False
x2627 = False
x2628 = False
x2629 = False
x2630 = False
x2631 = False
x2632 = False
x2633 = False
x2634 = False
x2635 = False
x2636 = False
x2637 = False
x2638 = False
x2639 = False
x2640 = False
x2641 = False
x2642 = False
x2643 = False
x2644 = False
x2645 = False
x2646 = False
x2647 = False
x2648 = False
x2649 = False
x2650 = False
x2651 = False
x2652 = False
x2653 = False
x2654 = False
x2655 = False
x2656 = False
x2657 = False
x2658 = False
x2659 = False
x2660 = False
x2661 = False
x2662 = False
x2663 = False
x2664 = False
x2665 = False
x2666 = False
x2667 = False
x2668 = False
x2669 = False
x2670 = False
x2671 = False
x2672 = False
x2673 = False
x2674 = False
x2675 = False
x2676 = False
x2677 = False
x2678 = False
x2679 = False
x2680 = False
x2681 = False
x2682 = False
x2683 = False
x2684 = False
x2685 = False
x2686 = False
x2687 = False
x2688 = False
x2689 = False
x2690 = False
x2691 = False
x2692 = False
x2693 = False
x2694 = False
x2695 = False
x2696 = False
x2697 = False
x2698 = False
x2699 = False
x2700 = False
x2701 = False
x2702 = False
x2703 = False
x2704 = False
x2705 = False
x2706 = False
x2707 = False
x2708 = False
x2709 = False
x2710 = False
x2711 = False
x2712 = False
x2713 = False
x2714 = False
x2715 = False
x2716 = False
x2717 = False
x2718 = False
x2719 = False
x2720 = False
x2721 = False
x2722 = False
x2723 = False
x2724 = False
x2725 = False
x2726 = False
x2727 = False
x2728 = False
x2729 = False
x2730 = False
x2731 = False
x2732 = False
x2733 = False
x2734 = False
x2735 = False
x2736 = False
x2737 = False
x2738 = False
x2739 = False
x2740 = False
x2741 = False
x2742 = False
x2743 = False
x2744 = False
x2745 = False
x2746 = False
x2747 = False
x2748 = False
x2749 = False
x2750 = False
x2751 = False
x2752 = False
x2753 = False
x2754 = False
x2755 = False
x2756 = False
x2757 = False
x2758 = False
x2759 = False
x2760 = False
x2761 = False
x2762 = False
x2763 = False
x2764 = False
x2765 = False
x2766 = False
x2767 = False
x2768 = False
x2769 = False
x2770 = False
x2771 = False
x2772 = False
x2773 = False
x2774 = False
x2775 = False
x2776 = False
x2777 = False
x2778 = False
x2779 = False
x2780 = False
x2781 = False
x2782 = False
x2783 = False
x2784 = False
x2785 = False
x2786 = False
x2787 = False
x2788 = False
x2789 = False
x2790 = False
x2791 = False
x2792 = False
x2793 = False
x2794 = False
x2795 = False
x2796 = False
x2797 = False
x2798 = False
x2799 = False
x2800 = False
x2801 = False
x2802 = False
x2803 = False
x2804 = False
x2805 = False
x2806 = False
x2807 = False
x2808 = False
x2809 = False
x2810 = False
x2811 = False
x2812 = False
x2813 = False
x2814 = False
x2815 = False
x2816 = False
x2817 = False
x2818 = False
x2819 = False
x2820 = False
x2821 = False
x2822 = False
x2823 = False
x2824 = False
x2825 = False
x2826 = False
x2827 = False
x2828 = False
x2829 = False
x2830 = False
x2831 = False
x2832 = False
x2833 = False
x2834 = False
x2835 = False
x2836 = False
x2837 = False
x2838 = False
x2839 = False
x2840 = False
x2841 = False
x2842 = False
x2843 = False
x2844 = False
x2845 = False
x2846 = False
x2847 = False
x2848 = False
x2849 = False
x2850 = False
x2851 = False
x2852 = False
x2853 = False
x2854 = False
x2855 = False
x2856 = False
x2857 = False
x2858 = False
x2859 = False
x2860 = False
x2861 = False
x2862 = False
x2863 = False
x2864 = False
x2865 = False
x2866 = False
x2867 = False
x2868 = False
x2869 = False
x2870 = False
x2871 = False
x2872 = False
x2873 = False
x2874 = False
x2875 = False
x2876 = False
x2877 = False
x2878 = False
x2879 = False
x2880 = False
x2881 = False
x2882 = False
x2883 = False
x2884 = False
x2885 = False
x2886 = False
x2887 = False
x2888 = False
x2889 = False
x2890 = False
x2891 = False
x2892 = False
x2893 = False
x2894 = False
x2895 = False
x2896 = False
x2897 = False
x2898 = False
x2899 = False
x2900 = False
x2901 = False
x2902 = False
x2903 = False
x2904 = False
x2905 = False
x2906 = False
x2907 = False
x2908 = False
x2909 = False
x2910 = False
x2911 = False
x2912 = False
x2913 = False
x2914 = False
x2915 = False
x2916 = False
x2917 = False
x2918 = False
x2919 = False
x2920 = False
x2921 = False
x2922 = False
x2923 = False
x2924 = False
x2925 = False
x2926 = False
x2927 = False
x2928 = False
x2929 = False
x2930 = False
x2931 = False
x2932 = False
x2933 = False
x2934 = False
x2935 = False
x2936 = False
x2937 = False
x2938 = False
x2939 = False
x2940 = False
x2941 = False
x2942 = False
x2943 = False
x2944 = False
x2945 = False
x2946 = False
x2947 = False
x2948 = False
x2949 = False
x2950 = False
x2951 = False
x2952 = False
x2953 = False
x2954 = False
x2955 = False
x2956 = False
x2957 = False
x2958 = False
x2959 = False
x2960 = False
x2961 = False
x2962 = False
x2963 = False
x2964 = False
x2965 = False
x2966 = False
x2967 = False
x2968 = False
x2969 = False
x2970 = False
x2971 = False
x2972 = False
x2973 = False
x2974 = False
x2975 = False
x2976 = False
x2977 = False
x2978 = False
x2979 = False
x2980 = False
x2981 = False
x2982 = False
x2983 = False
x2984 = False
x2985 = False
x2986 = False
x2987 = False
x2988 = False
x2989 = False
x2990 = False
x2991 = False
x2992 = False
x2993 = False
x2994 = False
x2995 = False
x2996 = False
x2997 = False
x2998 = False
x2999 = False
x3000 = False
x3001 = False
x3002 = False
x3003 = False
x3004 = False
x3005 = False
x3006 = False
x3007 = False
x3008 = False
x3009 = False
x3010 = False
x3011 = False
x3012 = False
x3013 = False
x3014 = False
x3015 = False
x3016 = False
x3017 = False
x3018 = False
x3019 = False
x3020 = False
x3021 = False
x3022 = False
x3023 = False
x3024 = False
x3025 = False
x3026 = False
x3027 = False
x3028 = False
x3029 = False
x3030 = False
x3031 = False
x3032 = False
x3033 = False
x3034 = False
x3035 = False
x3036 = False
x3037 = False
x3038 = False
x3039 = False
x3040 = False
x3041 = False
x3042 = False
x3043 = False
x3044 = False
x3045 = False
x3046 = False
x3047 = False
x3048 = False
x3049 = False
x3050 = False
x3051 = False
x3052 = False
x3053 = False
x3054 = False
x3055 = False
x3056 = False
x3057 = False
x3058 = False
x3059 = False
x3060 = False
x3061 = False
x3062 = False
x3063 = False
x3064 = False
x3065 = False
x3066 = False
x3067 = False
x3068 = False
x3069 = False
x3070 = False
x3071 = False
x3072 = False
x3073 = False
x3074 = False
x3075 = False
x3076 = False
x3077 = False
x3078 = False
x3079 = False
x3080 = False
x3081 = False
x3082 = False
x3083 = False
x3084 = False
x3085 = False
x3086 = False
x3087 = False
x3088 = False
x3089 = False
x3090 = False
x3091 = False
x3092 = False
x3093 = False
x3094 = False
x3095 = False
x3096 = False
x3097 = False
x3098 = False
x3099 = False
x3100 = False
x3101 = False
x3102 = False
x3103 = False
x3104 = False
x3105 = False
x3106 = False
x3107 = False
x3108 = False
x3109 = False
x3110 = False
x3111 = False
x3112 = False
x3113 = False
x3114 = False
x3115 = False
x3116 = False
x3117 = False
x3118 = False
x3119 = False
x3120 = False
x3121 = False
x3122 = False
x3123 = False
x3124 = False
x3125 = False
x3126 = False
x3127 = False
x3128 = False
x3129 = False
x3130 = False
x3131 = False
x3132 = False
x3133 = False
x3134 = False
x3135 = False
x3136 = False
x3137 = False
x3138 = False
x3139 = False
x3140 = False
x3141 = False
x3142 = False
x3143 = False
x3144 = False
x3145 = False
x3146 = False
x3147 = False
x3148 = False
x3149 = False
x3150 = False
x3151 = False
x3152 = False
x3153 = False
x3154 = False
x3155 = False
x3156 = False
x3157 = False
x3158 = False
x3159 = False
x3160 = False
x3161 = False
x3162 = False
x3163 = False
x3164 = False
x3165 = False
x3166 = False
x3167 = False
x3168 = False
x3169 = False
x3170 = False
x3171 = False
x3172 = False
x3173 = False
x3174 = False
x3175 = False
x3176 = False
x3177 = False
x3178 = False
x3179 = False
x3180 = False
x3181 = False
x3182 = False
x3183 = False
x3184 = False
x3185 = False
x3186 = False
x3187 = False
x3188 = False
x3189 = False
x3190 = False
x3191 = False
x3192 = False
x3193 = False
x3194 = False
x3195 = False
x3196 = False
x3197 = False
x3198 = False
x3199 = False
x3200 = False
x3201 = False
x3202 = False
x3203 = False
x3204 = False
x3205 = False
x3206 = False
x3207 = False
x3208 = False
x3209 = False
x3210 = False
x3211 = False
x3212 = False
x3213 = False
x3214 = False
x3215 = False
x3216 = False
x3217 = False
x3218 = False
x3219 = False
x3220 = False
x3221 = False
x3222 = False
x3223 = False
x3224 = False
x3225 = False
x3226 = False
x3227 = False
x3228 = False
x3229 = False
x3230 = False
x3231 = False
x3232 = False
x3233 = False
x3234 = False
x3235 = False
x3236 = False
x3237 = False
x3238 = False
x3239 = False
x3240 = False
x3241 = False
x3242 = False
x3243 = False
x3244 = False
x3245 = False
x3246 = False
x3247 = False
x3248 = False
x3249 = False
x3250 = False
x3251 = False
x3252 = False
x3253 = False
x3254 = False
x3255 = False
x3256 = False
x3257 = False
x3258 = False
x3259 = False
x3260 = False
x3261 = False
x3262 = False
x3263 = False
x3264 = False
x3265 = False
x3266 = False
x3267 = False
x3268 = False
x3269 = False
x3270 = False
x3271 = False
x3272 = False
x3273 = False
x3274 = False
x3275 = False
x3276 = False
x3277 = False
x3278 = False
x3279 = False
x3280 = False
x3281 = False
x3282 = False
x3283 = False
x3284 = False
x3285 = False
x3286 = False
x3287 = False
x3288 = False
x3289 = False
x3290 = False
x3291 = False
x3292 = False
x3293 = False
x3294 = False
x3295 = False
x3296 = False
x3297 = False
x3298 = False
x3299 = False
x3300 = False
x3301 = False
x3302 = False
x3303 = False
x3304 = False
x3305 = False
x3306 = False
x3307 = False
x3308 = False
x3309 = False
x3310 = False
x3311 = False
x3312 = False
x3313 = False
x3314 = False
x3315 = False
x3316 = False
x3317 = False
x3318 = False
x3319 = False
x3320 = False
x3321 = False
x3322 = False
x3323 = False
x3324 = False
x3325 = False
x3326 = False
x3327 = False
x3328 = False
x3329 = False
x3330 = False
x3331 = False
x3332 = False
x3333 = False
x3334 = False
x3335 = False
x3336 = False
x3337 = False
x3338 = False
x3339 = False
x3340 = False
x3341 = False
x3342 = False
x3343 = False
x3344 = False
x3345 = False
x3346 = False
x3347 = False
x3348 = False
x3349 = False
x3350 = False
x3351 = False
x3352 = False
x3353 = False
x3354 = False
x3355 = False
x3356 = False
x3357 = False
x3358 = False
x3359 = False
x3360 = False
x3361 = False
x3362 = False
x3363 = False
x3364 = False
x3365 = False
x3366 = False
x3367 = False
x3368 = False
x3369 = False
x3370 = False
x3371 = False
x3372 = False
x3373 = False
x3374 = False
x3375 = False
x3376 = False
x3377 = False
x3378 = False
x3379 = False
x3380 = False
x3381 = False
x3382 = False
x3383 = False
x3384 = False
x3385 = False
x3386 = False
x3387 = False
x3388 = False
x3389 = False
x3390 = False
x3391 = False
x3392 = False
x3393 = False
x3394 = False
x3395 = False
x3396 = False
x3397 = False
x3398 = False
x3399 = False
x3400 = False
x3401 = False
x3402 = False
x3403 = False
x3404 = False
x3405 = False
x3406 = False
x3407 = False
x3408 = False
x3409 = False
x3410 = False
x3411 = False
x3412 = False
x3413 = False
x3414 = False
x3415 = False
x3416 = False
x3417 = False
x3418 = False
x3419 = False
x3420 = False
x3421 = False
x3422 = False
x3423 = False
x3424 = False
x3425 = False
x3426 = False
x3427 = False
x3428 = False
x3429 = False
x3430 = False
x3431 = False
x3432 = False
x3433 = False
x3434 = False
x3435 = False
x3436 = False
x3437 = False
x3438 = False
x3439 = False
x3440 = False
x3441 = False
x3442 = False
x3443 = False
x3444 = False
x3445 = False
x3446 = False
x3447 = False
x3448 = False
x3449 = False
x3450 = False
x3451 = False
x3452 = False
x3453 = False
x3454 = False
x3455 = False
x3456 = False
x3457 = False
x3458 = False
x3459 = False
x3460 = False
x3461 = False
x3462 = False
x3463 = False
x3464 = False
x3465 = False
x3466 = False
x3467 = False
x3468 = False
x3469 = False
x3470 = False
x3471 = False
x3472 = False
x3473 = False
x3474 = False
x3475 = False
x3476 = False
x3477 = False
x3478 = False
x3479 = False
x3480 = False
x3481 = False
x3482 = False
x3483 = False
x3484 = False
x3485 = False
x3486 = False
x3487 = False
x3488 = False
x3489 = False
x3490 = False
x3491 = False
x3492 = False
x3493 = False
x3494 = False
x3495 = False
x3496 = False
x3497 = False
x3498 = False
x3499 = False
x3500 = False
x3501 = False
x3502 = False
x3503 = False
x3504 = False
x3505 = False
x3506 = False
x3507 = False
x3508 = False
x3509 = False
x3510 = False
x3511 = False
x3512 = False
x3513 = False
x3514 = False
x3515 = False
x3516 = False
x3517 = False
x3518 = False
x3519 = False
x3520 = False
x3521 = False
x3522 = False
x3523 = False
x3524 = False
x3525 = False
x3526 = False
x3527 = False
x3528 = False
x3529 = False
x3530 = False
x3531 = False
x3532 = False
x3533 = False
x3534 = False
x3535 = False
x3536 = False
x3537 = False
x3538 = False
x3539 = False
x3540 = False
x3541 = False
x3542 = False
x3543 = False
x3544 = False
x3545 = False
x3546 = False
x3547 = False
x3548 = False
x3549 = False
x3550 = False
x3551 = False
x3552 = False
x3553 = False
x3554 = False
x3555 = False
x3556 = False
x3557 = False
x3558 = False
x3559 = False
x3560 = False
x3561 = False
x3562 = False
x3563 = False
x3564 = False
x3565 = False
x3566 = False
x3567 = False
x3568 = False
x3569 = False
x3570 = False
x3571 = False
x3572 = False
x3573 = False
x3574 = False
x3575 = False
x3576 = False
x3577 = False
x3578 = False
x3579 = False
x3580 = False
x3581 = False
x3582 = False
x3583 = False
x3584 = False
x3585 = False
x3586 = False
x3587 = False
x3588 = False
x3589 = False
x3590 = False
x3591 = False
x3592 = False
x3593 = False
x3594 = False
x3595 = False
x3596 = False
x3597 = False
x3598 = False
x3599 = False
x3600 = False
x3601 = False
x3602 = False
x3603 = False
x3604 = False
x3605 = False
x3606 = False
x3607 = False
x3608 = False
x3609 = False
x3610 = False
x3611 = False
x3612 = False
x3613 = False
x3614 = False
x3615 = False
x3616 = False
x3617 = False
x3618 = False
x3619 = False
x3620 = False
x3621 = False
x3622 = False
x3623 = False
x3624 = False
x3625 = False
x3626 = False
x3627 = False
x3628 = False
x3629 = False
x3630 = False
x3631 = False
x3632 = False
x3633 = False
x3634 = False
x3635 = False
x3636 = False
x3637 = False
x3638 = False
x3639 = False
x3640 = False
x3641 = False
x3642 = False
x3643 = False
x3644 = False
x3645 = False
x3646 = False
x3647 = False
x3648 = False
x3649 = False
x3650 = False
x3651 = False
x3652 = False
x3653 = False
x3654 = False
x3655 = False
x3656 = False
x3657 = False
x3658 = False
x3659 = False
x3660 = False
x3661 = False
x3662 = False
x3663 = False
x3664 = False
x3665 = False
x3666 = False
x3667 = False
x3668 = False
x3669 = False
x3670 = False
x3671 = False
x3672 = False
x3673 = False
x3674 = False
x3675 = False
x3676 = False
x3677 = False
x3678 = False
x3679 = False
x3680 = False
x3681 = False
x3682 = False
x3683 = False
x3684 = False
x3685 = False
x3686 = False
x3687 = False
x3688 = False
x3689 = False
x3690 = False
x3691 = False
x3692 = False
x3693 = False
x3694 = False
x3695 = False
x3696 = False
x3697 = False
x3698 = False
x3699 = False
x3700 = False
x3701 = False
x3702 = False
x3703 = False
x3704 = False
x3705 = False
x3706 = False
x3707 = False
x3708 = False
x3709 = False
x3710 = False
x3711 = False
x3712 = False
x3713 = False
x3714 = False
x3715 = False
x3716 = False
x3717 = False
x3718 = False
x3719 = False
x3720 = False
x3721 = False
x3722 = False
x3723 = False
x3724 = False
x3725 = False
x3726 = False
x3727 = False
x3728 = False
x3729 = False
x3730 = False
x3731 = False
x3732 = False
x3733 = False
x3734 = False
x3735 = False
x3736 = False
x3737 = False
x3738 = False
x3739 = False
x3740 = False
x3741 = False
x3742 = False
x3743 = False
x3744 = False
x3745 = False
x3746 = False
x3747 = False
x3748 = False
x3749 = False
x3750 = False
x3751 = False
x3752 = False
x3753 = False
x3754 = False
x3755 = False
x3756 = False
x3757 = False
x3758 = False
x3759 = False
x3760 = False
x3761 = False
x3762 = False
x3763 = False
x3764 = False
x3765 = False
x3766 = False
x3767 = False
x3768 = False
x3769 = False
x3770 = False
x3771 = False
x3772 = False
x3773 = False
x3774 = False
x3775 = False
x3776 = False
x3777 = False
x3778 = False
x3779 = False
x3780 = False
x3781 = False
x3782 = False
x3783 = False
x3784 = False
x3785 = False
x3786 = False
x3787 = False
x3788 = False
x3789 = False
x3790 = False
x3791 = False
x3792 = False
x3793 = False
x3794 = False
x3795 = False
x3796 = False
x3797 = False
x3798 = False
x3799 = False
x3800 = False
x3801 = False
x3802 = False
x3803 = False
x3804 = False
x3805 = False
x3806 = False
x3807 = False
x3808 = False
x3809 = False
x3810 = False
x3811 = False
x3812 = False
x3813 = False
x3814 = False
x3815 = False
x3816 = False
x3817 = False
x3818 = False
x3819 = False
x3820 = False
x3821 = False
x3822 = False
x3823 = False
x3824 = False
x3825 = False
x3826 = False
x3827 = False
x3828 = False
x3829 = False
x3830 = False
x3831 = False
x3832 = False
x3833 = False
x3834 = False
x3835 = False
x3836 = False
x3837 = False
x3838 = False
x3839 = False
x3840 = False
